Creating listener, now listening port 9001 ...
/192.168.2.77:38632
Get MySQL connection successfully
Get a socket connection successfully
read:[5,蔡何,FireFox]sdasdas
read:[5,蔡何,FireFox]你好
/192.168.2.21:24212
Get MySQL connection successfully
Get a socket connection successfully
read:[5,蔡何,FireFox]有人在吗
read:[2,李丁,丁少]12
read:[2,李丁,丁少]
read:[5,蔡何,FireFox]请问计算机网络考什么
read:[5,蔡何,FireFox]？？？
/192.168.2.34:60555
Get MySQL connection successfully
Get a socket connection successfully
read:[4,胡启文,小烈]hello
read:[2,李丁,丁少]2121
read:[2,李丁,丁少]
read:[5,蔡何,FireFox]有大神美女指导我一下吗?
read:[2,李丁,丁少]22798
read:[4,胡启文,小烈]并没有
read:[5,蔡何,FireFox]计算机网络考神马？！！！
/192.168.2.21:24325
Get MySQL connection successfully
Get a socket connection successfully
read:[4,胡启文,小烈]不会啊，兄弟
/192.168.2.64:7948
Get MySQL connection successfully
Get a socket connection successfully
read:[2,李丁,丁少]hello
read:[5,蔡何,FireFox]你都不会
read:[3,邓俊,Tomas]收到了
read:[5,蔡何,FireFox]我会个nz啊
/192.168.2.38:5143
Get MySQL connection successfully
Get a socket connection successfully
read:[3,邓俊,Tomas]怎么开始测试啊
/192.168.2.38:5153
Get MySQL connection successfully
Get a socket connection successfully
read:[6,魏宁,Socket]哈哈哈
/192.168.2.64:8564
Get MySQL connection successfully
Get a socket connection successfully
read:[2,李丁,丁少]sao哥
/192.168.2.64:8728
Get MySQL connection successfully
Get a socket connection successfully
read:[4,胡启文,小烈]so个
/192.168.2.196:64784
Get MySQL connection successfully
Get a socket connection successfully
/192.168.2.196:64941
Get MySQL connection successfully
Get a socket connection successfully
read:[1,郭冬雨,果冻雨]你们在吗？
read:[1,郭冬雨,果冻雨]下周还有课吗？
read:[2,李丁,丁少]下周考试了
read:[4,胡启文,小烈]在啊，冬雨哥哥要请我们吃饭吗
read:[3,邓俊,Tomas]来了来了，视频吗？
read:[4,胡启文,小烈]丑拒
read:[1,郭冬雨,果冻雨]暂时没开发，项目组没钱吃饭了
read:[3,邓俊,Tomas]所以，报告弄好了？
read:[1,郭冬雨,果冻雨]蔡何呢？
read:[5,蔡何,FireFox]我在啊
read:[2,李丁,丁少]蔡何在写作业
read:[6,魏宁,Socket]项目组又倒闭了？
read:[5,蔡何,FireFox]踢出去
read:[1,郭冬雨,果冻雨]常态资金短缺
read:[1,郭冬雨,果冻雨]项目组没钱开发踢人功能